EnakletApp/app/build/intermediates/manifest_merge_blame_file/debug/manifest-merger-blame-debug-report.txt
1<?xml version="1.0" encoding="utf-8"?>
2<manifest xmlns:android="http://schemas.android.com/apk/res/android"
3    package="com.prevezene.enakletapp"
4    android:versionCode="1"
5    android:versionName="1.0" >
6
7    <uses-sdk
8        android:minSdkVersion="23"
8-->src\main\AndroidManifest.xml
9        android:targetSdkVersion="30" />
9-->src\main\AndroidManifest.xml
10    <!--
11         The ACCESS_COARSE/FINE_LOCATION permissions are not required to use
12         Google Maps Android API v2, but you must specify either coarse or fine
13         location permissions for the "MyLocation" functionality.
14    -->
15    <uses-permission android:name="android.permission.ACCESS_COARSE_LOCATION" />
15-->src\main\AndroidManifest.xml:9:5-81
15-->src\main\AndroidManifest.xml:9:22-78
16    <uses-permission android:name="android.permission.ACCESS_FINE_LOCATION" />
16-->src\main\AndroidManifest.xml:10:5-79
16-->src\main\AndroidManifest.xml:10:22-76
17    <uses-permission android:name="android.permission.WRITE_EXTERNAL_STORAGE" />
17-->src\main\AndroidManifest.xml:11:5-81
17-->src\main\AndroidManifest.xml:11:22-78
18
19    <uses-feature
19-->src\main\AndroidManifest.xml:13:5-15:35
20        android:glEsVersion="0x00020000"
20-->src\main\AndroidManifest.xml:14:9-41
21        android:required="true" />
21-->src\main\AndroidManifest.xml:15:9-32
22
23    <!-- Include required permissions for Google Maps API to run. -->
24    <uses-permission android:name="android.permission.ACCESS_NETWORK_STATE" />
24-->[com.google.android.gms:play-services-maps:17.0.0] AndroidManifest.xml:23:5-79
24-->[com.google.android.gms:play-services-maps:17.0.0] AndroidManifest.xml:23:22-76
25    <uses-permission android:name="android.permission.INTERNET" />
25-->[com.google.android.gms:play-services-maps:17.0.0] AndroidManifest.xml:24:5-67
25-->[com.google.android.gms:play-services-maps:17.0.0] AndroidManifest.xml:24:22-64
26
27    <application
27-->src\main\AndroidManifest.xml:17:5-56:19
28        android:allowBackup="true"
28-->src\main\AndroidManifest.xml:18:9-35
29        android:appComponentFactory="androidx.core.app.CoreComponentFactory"
29-->[androidx.core:core:1.3.1] AndroidManifest.xml:24:18-86
30        android:debuggable="true"
31        android:extractNativeLibs="false"
32        android:icon="@mipmap/ic_launcher"
32-->src\main\AndroidManifest.xml:19:9-43
33        android:label="@string/app_name"
33-->src\main\AndroidManifest.xml:20:9-41
34        android:roundIcon="@mipmap/ic_launcher_round"
34-->src\main\AndroidManifest.xml:21:9-54
35        android:supportsRtl="true"
35-->src\main\AndroidManifest.xml:22:9-35
36        android:testOnly="true"
37        android:theme="@style/AppTheme" >
37-->src\main\AndroidManifest.xml:23:9-40
38        <activity android:name="com.prevezene.enakletapp.splash" >
38-->src\main\AndroidManifest.xml:24:9-32:20
38-->src\main\AndroidManifest.xml:24:19-41
39            <intent-filter>
39-->src\main\AndroidManifest.xml:25:13-29:29
40                <action android:name="android.intent.action.MAIN" />
40-->src\main\AndroidManifest.xml:26:17-69
40-->src\main\AndroidManifest.xml:26:25-66
41
42                <category android:name="android.intent.category.LAUNCHER" />
42-->src\main\AndroidManifest.xml:28:17-77
42-->src\main\AndroidManifest.xml:28:27-74
43            </intent-filter>
44        </activity>
45        <!--
46             The API key for Google Maps-based APIs is defined as a string resource.
47             (See the file "res/values/google_maps_api.xml").
48             Note that the API key is linked to the encryption key used to sign the APK.
49             You need a different API key for each encryption key, including the release key that is used to
50             sign the APK for publishing.
51             You can define the keys for the debug and release targets in src/debug/ and src/release/.
52        -->
53        <meta-data
53-->src\main\AndroidManifest.xml:41:9-43:32
54            android:name="com.google.android.geo.API_KEY"
54-->src\main\AndroidManifest.xml:42:13-58
55            android:value="" />
55-->src\main\AndroidManifest.xml:43:13-29
56        <meta-data
56-->src\main\AndroidManifest.xml:44:9-46:57
57            android:name="preloaded_fonts"
57-->src\main\AndroidManifest.xml:45:13-43
58            android:resource="@array/preloaded_fonts" />
58-->src\main\AndroidManifest.xml:46:13-54
59
60        <activity
60-->src\main\AndroidManifest.xml:48:9-52:20
61            android:name="com.prevezene.enakletapp.MainActivity"
61-->src\main\AndroidManifest.xml:49:13-41
62            android:label="@string/app_name" >
62-->src\main\AndroidManifest.xml:50:13-45
63        </activity>
64        <activity
64-->src\main\AndroidManifest.xml:53:9-55:59
65            android:name="com.prevezene.enakletapp.MapsActivity"
65-->src\main\AndroidManifest.xml:54:13-41
66            android:label="@string/title_activity_maps" />
66-->src\main\AndroidManifest.xml:55:13-56
67        <!-- Needs to be explicitly declared on P+ -->
68        <uses-library
68-->[com.google.android.gms:play-services-maps:17.0.0] AndroidManifest.xml:33:9-35:40
69            android:name="org.apache.http.legacy"
69-->[com.google.android.gms:play-services-maps:17.0.0] AndroidManifest.xml:34:13-50
70            android:required="false" />
70-->[com.google.android.gms:play-services-maps:17.0.0] AndroidManifest.xml:35:13-37
71
72        <activity
72-->[com.google.android.gms:play-services-base:17.3.0] AndroidManifest.xml:23:9-26:75
73            android:name="com.google.android.gms.common.api.GoogleApiActivity"
73-->[com.google.android.gms:play-services-base:17.3.0] AndroidManifest.xml:24:13-79
74            android:exported="false"
74-->[com.google.android.gms:play-services-base:17.3.0] AndroidManifest.xml:25:13-37
75            android:theme="@android:style/Theme.Translucent.NoTitleBar" />
75-->[com.google.android.gms:play-services-base:17.3.0] AndroidManifest.xml:26:13-72
76
77        <meta-data
77-->[com.google.android.gms:play-services-basement:17.3.0] AndroidManifest.xml:23:9-25:69
78            android:name="com.google.android.gms.version"
78-->[com.google.android.gms:play-services-basement:17.3.0] AndroidManifest.xml:24:13-58
79            android:value="@integer/google_play_services_version" />
79-->[com.google.android.gms:play-services-basement:17.3.0] AndroidManifest.xml:25:13-66
80
81        <provider
81-->[androidx.lifecycle:lifecycle-process:2.2.0] AndroidManifest.xml:25:9-29:43
82            android:name="androidx.lifecycle.ProcessLifecycleOwnerInitializer"
82-->[androidx.lifecycle:lifecycle-process:2.2.0] AndroidManifest.xml:26:13-79
83            android:authorities="com.prevezene.enakletapp.lifecycle-process"
83-->[androidx.lifecycle:lifecycle-process:2.2.0] AndroidManifest.xml:27:13-69
84            android:exported="false"
84-->[androidx.lifecycle:lifecycle-process:2.2.0] AndroidManifest.xml:28:13-37
85            android:multiprocess="true" />
85-->[androidx.lifecycle:lifecycle-process:2.2.0] AndroidManifest.xml:29:13-40
86    </application>
87
88</manifest>